<?xml version="1.0" encoding="UTF-8"?>
<testsuite xmlns:xsi="http://www.w3.org/2001/XMLSchema-instance" xsi:noNamespaceSchemaLocation="https://maven.apache.org/surefire/maven-surefire-plugin/xsd/surefire-test-report.xsd" version="3.0.2" name="com.oa.microservices.product.ProductServiceApplicationTests" time="47.933" tests="1" errors="0" skipped="0" failures="0">
  <properties>
[...]
</properties>
  <testcase name="contextLoads" classname="com.oa.microservices.product.ProductServiceApplicationTests" time="1.083">
    <system-out><![CDATA[09:50:42.854 [main] INFO org.springframework.test.context.support.AnnotationConfigContextLoaderUtils -- Could not detect default configuration classes for test class [com.oa.microservices.product.ProductServiceApplicationTests]: ProductServiceApplicationTests does not declare any static, non-private, non-final, nested classes annotated with @Configuration.
09:50:43.028 [main] INFO org.springframework.boot.test.context.SpringBootTestContextBootstrapper -- Found @SpringBootConfiguration com.oa.microservices.product.ProductServiceApplication for test class com.oa.microservices.product.ProductServiceApplicationTests

  .   ____          _            __ _ _
 /\\ / ___'_ __ _ _(_)_ __  __ _ \ \ \ \
( ( )\___ | '_ | '_| | '_ \/ _` | \ \ \ \
 \\/  ___)| |_)| | | | | || (_| |  ) ) ) )
  '  |____| .__|_| |_|_| |_\__, | / / / /
 =========|_|==============|___/=/_/_/_/

 :: Spring Boot ::                (v3.4.1)

2025-01-02T09:50:43.415+03:00  INFO 24840 --- [product-service] [           main] c.o.m.p.ProductServiceApplicationTests   : Starting ProductServiceApplicationTests using Java 21.0.5 with PID 24840 (started by oarslan in C:\Users\oarslan\Desktop\Dev\Java\Java-Microservices\product-service)
2025-01-02T09:50:43.416+03:00  INFO 24840 --- [product-service] [           main] c.o.m.p.ProductServiceApplicationTests   : No active profile set, falling back to 1 default profile: "default"
2025-01-02T09:50:43.924+03:00  INFO 24840 --- [product-service] [           main] .s.d.r.c.RepositoryConfigurationDelegate : Bootstrapping Spring Data MongoDB repositories in DEFAULT mode.
2025-01-02T09:50:43.941+03:00  INFO 24840 --- [product-service] [           main] .s.d.r.c.RepositoryConfigurationDelegate : Finished Spring Data repository scanning in 12 ms. Found 0 MongoDB repository interfaces.
2025-01-02T09:50:44.160+03:00  INFO 24840 --- [product-service] [           main] org.testcontainers.images.PullPolicy     : Image pull policy will be performed by: DefaultPullPolicy()
2025-01-02T09:50:44.162+03:00  INFO 24840 --- [product-service] [           main] o.t.utility.ImageNameSubstitutor         : Image name substitution will be performed by: DefaultImageNameSubstitutor (composite of 'ConfigurationFileImageNameSubstitutor' and 'PrefixingImageNameSubstitutor')
2025-01-02T09:50:44.226+03:00  INFO 24840 --- [product-service] [           main] org.testcontainers.DockerClientFactory   : Testcontainers version: 1.20.4
2025-01-02T09:50:44.661+03:00  INFO 24840 --- [product-service] [           main] o.t.d.DockerClientProviderStrategy       : Found Docker environment with local Npipe socket (npipe:////./pipe/docker_engine)
2025-01-02T09:50:44.673+03:00  INFO 24840 --- [product-service] [           main] org.testcontainers.DockerClientFactory   : Docker host IP address is localhost
2025-01-02T09:50:44.684+03:00  INFO 24840 --- [product-service] [           main] org.testcontainers.DockerClientFactory   : Connected to docker: 
  Server Version: 27.3.1
  API Version: 1.47
  Operating System: Docker Desktop
  Total Memory: 7760 MB
  Labels: 
    com.docker.desktop.address=npipe://\\.\pipe\docker_cli
2025-01-02T09:50:44.727+03:00  INFO 24840 --- [product-service] [           main] tc.testcontainers/ryuk:0.11.0            : Pulling docker image: testcontainers/ryuk:0.11.0. Please be patient; this may take some time but only needs to be done once.
2025-01-02T09:50:46.317+03:00  INFO 24840 --- [product-service] [           main] o.t.utility.RegistryAuthLocator          : Credential helper/store (docker-credential-desktop) does not have credentials for https://index.docker.io/v1/
2025-01-02T09:50:49.526+03:00  INFO 24840 --- [product-service] [eam--1327023394] tc.testcontainers/ryuk:0.11.0            : Starting to pull image
2025-01-02T09:50:49.543+03:00  INFO 24840 --- [product-service] [eam--1327023394] tc.testcontainers/ryuk:0.11.0            : Pulling image layers:  0 pending,  0 downloaded,  0 extracted, (0 bytes/0 bytes)
2025-01-02T09:50:50.953+03:00  INFO 24840 --- [product-service] [eam--1327023394] tc.testcontainers/ryuk:0.11.0            : Pulling image layers:  2 pending,  1 downloaded,  0 extracted, (829 KB/? MB)
2025-01-02T09:50:51.349+03:00  INFO 24840 --- [product-service] [eam--1327023394] tc.testcontainers/ryuk:0.11.0            : Pulling image layers:  1 pending,  2 downloaded,  0 extracted, (7 MB/? MB)
2025-01-02T09:50:51.487+03:00  INFO 24840 --- [product-service] [eam--1327023394] tc.testcontainers/ryuk:0.11.0            : Pulling image layers:  1 pending,  2 downloaded,  1 extracted, (8 MB/? MB)
2025-01-02T09:50:51.627+03:00  INFO 24840 --- [product-service] [eam--1327023394] tc.testcontainers/ryuk:0.11.0            : Pulling image layers:  1 pending,  2 downloaded,  2 extracted, (10 MB/? MB)
2025-01-02T09:50:51.630+03:00  INFO 24840 --- [product-service] [eam--1327023394] tc.testcontainers/ryuk:0.11.0            : Pulling image layers:  0 pending,  3 downloaded,  2 extracted, (10 MB/10 MB)
2025-01-02T09:50:51.715+03:00  INFO 24840 --- [product-service] [eam--1327023394] tc.testcontainers/ryuk:0.11.0            : Pulling image layers:  0 pending,  3 downloaded,  3 extracted, (10 MB/10 MB)
2025-01-02T09:50:51.778+03:00  INFO 24840 --- [product-service] [eam--1327023394] tc.testcontainers/ryuk:0.11.0            : Pull complete. 3 layers, pulled in 2s (downloaded 10 MB at 5 MB/s)
2025-01-02T09:50:51.778+03:00  INFO 24840 --- [product-service] [           main] tc.testcontainers/ryuk:0.11.0            : Image testcontainers/ryuk:0.11.0 pull took PT7.051035S
2025-01-02T09:50:51.800+03:00  INFO 24840 --- [product-service] [           main] tc.testcontainers/ryuk:0.11.0            : Creating container for image: testcontainers/ryuk:0.11.0
2025-01-02T09:50:51.980+03:00  INFO 24840 --- [product-service] [           main] tc.testcontainers/ryuk:0.11.0            : Container testcontainers/ryuk:0.11.0 is starting: 3cfca4cea3222da16db10e660266d3fb4e0434da6aad9ffcf152d609627b684d
2025-01-02T09:50:52.752+03:00  INFO 24840 --- [product-service] [           main] tc.testcontainers/ryuk:0.11.0            : Container testcontainers/ryuk:0.11.0 started in PT0.9521887S
2025-01-02T09:50:52.763+03:00  INFO 24840 --- [product-service] [           main] o.t.utility.RyukResourceReaper           : Ryuk started - will monitor and terminate Testcontainers containers on JVM exit
2025-01-02T09:50:52.763+03:00  INFO 24840 --- [product-service] [           main] org.testcontainers.DockerClientFactory   : Checking the system...
2025-01-02T09:50:52.764+03:00  INFO 24840 --- [product-service] [           main] org.testcontainers.DockerClientFactory   : ✔︎ Docker server version should be at least 1.6.0
2025-01-02T09:50:52.767+03:00  INFO 24840 --- [product-service] [           main] tc.mongo:latest                          : Pulling docker image: mongo:latest. Please be patient; this may take some time but only needs to be done once.
2025-01-02T09:50:54.778+03:00  INFO 24840 --- [product-service] [ream--336339709] tc.mongo:latest                          : Starting to pull image
2025-01-02T09:50:54.778+03:00  INFO 24840 --- [product-service] [ream--336339709] tc.mongo:latest                          : Pulling image layers:  0 pending,  0 downloaded,  0 extracted, (0 bytes/0 bytes)
2025-01-02T09:50:56.037+03:00  INFO 24840 --- [product-service] [ream--336339709] tc.mongo:latest                          : Pulling image layers:  7 pending,  1 downloaded,  0 extracted, (2 MB/? MB)
2025-01-02T09:50:56.538+03:00  INFO 24840 --- [product-service] [ream--336339709] tc.mongo:latest                          : Pulling image layers:  6 pending,  2 downloaded,  0 extracted, (8 MB/? MB)
2025-01-02T09:50:58.099+03:00  INFO 24840 --- [product-service] [ream--336339709] tc.mongo:latest                          : Pulling image layers:  5 pending,  3 downloaded,  0 extracted, (24 MB/? MB)
2025-01-02T09:50:58.557+03:00  INFO 24840 --- [product-service] [ream--336339709] tc.mongo:latest                          : Pulling image layers:  4 pending,  4 downloaded,  0 extracted, (28 MB/? MB)
2025-01-02T09:50:58.677+03:00  INFO 24840 --- [product-service] [ream--336339709] tc.mongo:latest                          : Pulling image layers:  3 pending,  5 downloaded,  0 extracted, (28 MB/? MB)
2025-01-02T09:50:58.833+03:00  INFO 24840 --- [product-service] [ream--336339709] tc.mongo:latest                          : Pulling image layers:  2 pending,  6 downloaded,  0 extracted, (29 MB/? MB)
2025-01-02T09:50:59.214+03:00  INFO 24840 --- [product-service] [ream--336339709] tc.mongo:latest                          : Pulling image layers:  1 pending,  7 downloaded,  0 extracted, (30 MB/? MB)
2025-01-02T09:50:59.846+03:00  INFO 24840 --- [product-service] [ream--336339709] tc.mongo:latest                          : Pulling image layers:  1 pending,  7 downloaded,  1 extracted, (40 MB/? MB)
2025-01-02T09:50:59.920+03:00  INFO 24840 --- [product-service] [ream--336339709] tc.mongo:latest                          : Pulling image layers:  1 pending,  7 downloaded,  2 extracted, (40 MB/? MB)
2025-01-02T09:51:00.114+03:00  INFO 24840 --- [product-service] [ream--336339709] tc.mongo:latest                          : Pulling image layers:  1 pending,  7 downloaded,  3 extracted, (44 MB/? MB)
2025-01-02T09:51:00.218+03:00  INFO 24840 --- [product-service] [ream--336339709] tc.mongo:latest                          : Pulling image layers:  1 pending,  7 downloaded,  4 extracted, (44 MB/? MB)
2025-01-02T09:51:00.288+03:00  INFO 24840 --- [product-service] [ream--336339709] tc.mongo:latest                          : Pulling image layers:  1 pending,  7 downloaded,  5 extracted, (45 MB/? MB)
2025-01-02T09:51:00.356+03:00  INFO 24840 --- [product-service] [ream--336339709] tc.mongo:latest                          : Pulling image layers:  1 pending,  7 downloaded,  6 extracted, (45 MB/? MB)
2025-01-02T09:51:21.993+03:00  INFO 24840 --- [product-service] [ream--336339709] tc.mongo:latest                          : Pulling image layers:  0 pending,  8 downloaded,  6 extracted, (261 MB/261 MB)
2025-01-02T09:51:25.606+03:00  INFO 24840 --- [product-service] [ream--336339709] tc.mongo:latest                          : Pulling image layers:  0 pending,  8 downloaded,  7 extracted, (261 MB/261 MB)
2025-01-02T09:51:25.672+03:00  INFO 24840 --- [product-service] [ream--336339709] tc.mongo:latest                          : Pulling image layers:  0 pending,  8 downloaded,  8 extracted, (261 MB/261 MB)
2025-01-02T09:51:25.734+03:00  INFO 24840 --- [product-service] [           main] tc.mongo:latest                          : Image mongo:latest pull took PT32.9661S
2025-01-02T09:51:25.734+03:00  INFO 24840 --- [product-service] [ream--336339709] tc.mongo:latest                          : Pull complete. 8 layers, pulled in 30s (downloaded 261 MB at 8 MB/s)
2025-01-02T09:51:25.751+03:00  INFO 24840 --- [product-service] [           main] tc.mongo:latest                          : Creating container for image: mongo:latest
2025-01-02T09:51:26.377+03:00  INFO 24840 --- [product-service] [           main] tc.mongo:latest                          : Container mongo:latest is starting: 23bac87d220c7db05625116cef7a4f2881da26f3d0860bd394cb584d4024e4cf
2025-01-02T09:51:27.666+03:00  INFO 24840 --- [product-service] [           main] tc.mongo:latest                          : Container mongo:latest started in PT1.914036S
2025-01-02T09:51:29.276+03:00  INFO 24840 --- [product-service] [           main] org.mongodb.driver.client                : MongoClient with metadata {"driver": {"name": "mongo-java-driver|sync|spring-boot", "version": "5.2.1"}, "os": {"type": "Windows", "name": "Windows 11", "architecture": "amd64", "version": "10.0"}, "platform": "Java/Oracle Corporation/21.0.5+9-LTS-239"} created with settings MongoClientSettings{readPreference=primary, writeConcern=WriteConcern{w=null, wTimeout=null ms, journal=null}, retryWrites=true, retryReads=true, readConcern=ReadConcern{level=null}, credential=null, transportSettings=null, commandListeners=[], codecRegistry=ProvidersCodecRegistry{codecProviders=[ValueCodecProvider{}, BsonValueCodecProvider{}, DBRefCodecProvider{}, DBObjectCodecProvider{}, DocumentCodecProvider{}, CollectionCodecProvider{}, IterableCodecProvider{}, MapCodecProvider{}, GeoJsonCodecProvider{}, GridFSFileCodecProvider{}, Jsr310CodecProvider{}, JsonObjectCodecProvider{}, BsonCodecProvider{}, EnumCodecProvider{}, com.mongodb.client.model.mql.ExpressionCodecProvider@51de5efa, com.mongodb.Jep395RecordCodecProvider@30228de7, com.mongodb.KotlinCodecProvider@28bd5015]}, loggerSettings=LoggerSettings{maxDocumentLength=1000}, clusterSettings={hosts=[localhost:57335], srvServiceName=mongodb, mode=SINGLE, requiredClusterType=UNKNOWN, requiredReplicaSetName='null', serverSelector='null', clusterListeners='[]', serverSelectionTimeout='30000 ms', localThreshold='15 ms'}, socketSettings=SocketSettings{connectTimeoutMS=10000, readTimeoutMS=0, receiveBufferSize=0, proxySettings=ProxySettings{host=null, port=null, username=null, password=null}}, heartbeatSocketSettings=SocketSettings{connectTimeoutMS=10000, readTimeoutMS=10000, receiveBufferSize=0, proxySettings=ProxySettings{host=null, port=null, username=null, password=null}}, connectionPoolSettings=ConnectionPoolSettings{maxSize=100, minSize=0, maxWaitTimeMS=120000, maxConnectionLifeTimeMS=0, maxConnectionIdleTimeMS=0, maintenanceInitialDelayMS=0, maintenanceFrequencyMS=60000, connectionPoolListeners=[], maxConnecting=2}, serverSettings=ServerSettings{heartbeatFrequencyMS=10000, minHeartbeatFrequencyMS=500, serverMonitoringMode=AUTO, serverListeners='[]', serverMonitorListeners='[]'}, sslSettings=SslSettings{enabled=false, invalidHostNameAllowed=false, context=null}, applicationName='null', compressorList=[], uuidRepresentation=JAVA_LEGACY, serverApi=null, autoEncryptionSettings=null, dnsClient=null, inetAddressResolver=null, contextProvider=null, timeoutMS=null}
2025-01-02T09:51:29.296+03:00  INFO 24840 --- [product-service] [localhost:57335] org.mongodb.driver.cluster               : Monitor thread successfully connected to server with description ServerDescription{address=localhost:57335, type=REPLICA_SET_PRIMARY, cryptd=false, state=CONNECTED, ok=true, minWireVersion=0, maxWireVersion=25, maxDocumentSize=16777216, logicalSessionTimeoutMinutes=30, roundTripTimeNanos=21108700, minRoundTripTimeNanos=0, setName='docker-rs', canonicalAddress=23bac87d220c:27017, hosts=[23bac87d220c:27017], passives=[], arbiters=[], primary='23bac87d220c:27017', tagSet=TagSet{[]}, electionId=7fffffff0000000000000001, setVersion=1, topologyVersion=TopologyVersion{processId=6776376ed9eb783a9e30f2dc, counter=6}, lastWriteDate=Thu Jan 02 09:51:28 TRT 2025, lastUpdateTimeNanos=604904449131500}
2025-01-02T09:51:29.500+03:00  INFO 24840 --- [product-service] [           main] c.o.m.p.ProductServiceApplicationTests   : Started ProductServiceApplicationTests in 46.328 seconds (process running for 47.461)
]]></system-out>
    <system-err><![CDATA[Mockito is currently self-attaching to enable the inline-mock-maker. This will no longer work in future releases of the JDK. Please add Mockito as an agent to your build what is described in Mockito's documentation: https://javadoc.io/doc/org.mockito/mockito-core/latest/org/mockito/Mockito.html#0.3
WARNING: A Java agent has been loaded dynamically (C:\Users\oarslan\.m2\repository\net\bytebuddy\byte-buddy-agent\1.15.11\byte-buddy-agent-1.15.11.jar)
WARNING: If a serviceability tool is in use, please run with -XX:+EnableDynamicAgentLoading to hide this warning
WARNING: If a serviceability tool is not in use, please run with -Djdk.instrument.traceUsage for more information
WARNING: Dynamic loading of agents will be disallowed by default in a future release
]]></system-err>
  </testcase>
</testsuite>